29-Jun-2020 02:20:15.342 INFO [main] org.apache.catalina.core.ApplicationContext.log ContextListener: contextInitialized()
29-Jun-2020 02:20:15.342 INFO [main] org.apache.catalina.core.ApplicationContext.log SessionListener: contextInitialized()
29-Jun-2020 02:20:15.345 INFO [main] org.apache.catalina.core.ApplicationContext.log ContextListener: attributeAdded('StockTicker', 'async.Stockticker@41f3aaf1')
29-Jun-2020 02:30:08.249 SEVERE [http-nio-8080-exec-2] org.apache.catalina.core.StandardWrapperValve.invoke Servlet.service() for servlet [NameGenderHandler] in context with path [] threw exception
	java.lang.NumberFormatException: For input string: ""
		at java.base/java.lang.NumberFormatException.forInputString(Unknown Source)
		at java.base/java.lang.Integer.parseInt(Unknown Source)
		at java.base/java.lang.Integer.parseInt(Unknown Source)
		at indexer.LuceneTester.search(LuceneTester.java:80)
		at SearchList.doGet(SearchList.java:133)
		at javax.servlet.http.HttpServlet.service(HttpServlet.java:634)
		at javax.servlet.http.HttpServlet.service(HttpServlet.java:741)
		at org.apache.catalina.core.ApplicationFilterChain.internalDoFilter(ApplicationFilterChain.java:231)
		at org.apache.catalina.core.ApplicationFilterChain.doFilter(ApplicationFilterChain.java:166)
		at org.apache.tomcat.websocket.server.WsFilter.doFilter(WsFilter.java:53)
		at org.apache.catalina.core.ApplicationFilterChain.internalDoFilter(ApplicationFilterChain.java:193)
		at org.apache.catalina.core.ApplicationFilterChain.doFilter(ApplicationFilterChain.java:166)
		at org.apache.catalina.core.StandardWrapperValve.invoke(StandardWrapperValve.java:202)
		at org.apache.catalina.core.StandardContextValve.invoke(StandardContextValve.java:96)
		at org.apache.catalina.authenticator.AuthenticatorBase.invoke(AuthenticatorBase.java:541)
		at org.apache.catalina.core.StandardHostValve.invoke(StandardHostValve.java:139)
		at org.apache.catalina.valves.ErrorReportValve.invoke(ErrorReportValve.java:92)
		at org.apache.catalina.valves.AbstractAccessLogValve.invoke(AbstractAccessLogValve.java:690)
		at org.apache.catalina.core.StandardEngineValve.invoke(StandardEngineValve.java:74)
		at org.apache.catalina.connector.CoyoteAdapter.service(CoyoteAdapter.java:343)
		at org.apache.coyote.http11.Http11Processor.service(Http11Processor.java:373)
		at org.apache.coyote.AbstractProcessorLight.process(AbstractProcessorLight.java:65)
		at org.apache.coyote.AbstractProtocol$ConnectionHandler.process(AbstractProtocol.java:868)
		at org.apache.tomcat.util.net.NioEndpoint$SocketProcessor.doRun(NioEndpoint.java:1590)
		at org.apache.tomcat.util.net.SocketProcessorBase.run(SocketProcessorBase.java:49)
		at java.base/java.util.concurrent.ThreadPoolExecutor.runWorker(Unknown Source)
		at java.base/java.util.concurrent.ThreadPoolExecutor$Worker.run(Unknown Source)
		at org.apache.tomcat.util.threads.TaskThread$WrappingRunnable.run(TaskThread.java:61)
		at java.base/java.lang.Thread.run(Unknown Source)
29-Jun-2020 02:30:54.686 SEVERE [http-nio-8080-exec-1] org.apache.catalina.core.StandardWrapperValve.invoke Servlet.service() for servlet [NameGenderHandler] in context with path [] threw exception
	java.lang.IndexOutOfBoundsException: Index 52 out-of-bounds for length 47
		at java.base/jdk.internal.util.Preconditions.outOfBounds(Unknown Source)
		at java.base/jdk.internal.util.Preconditions.outOfBoundsCheckIndex(Unknown Source)
		at java.base/jdk.internal.util.Preconditions.checkIndex(Unknown Source)
		at java.base/java.util.Objects.checkIndex(Unknown Source)
		at java.base/java.util.ArrayList.get(Unknown Source)
		at SearchList.doGet(SearchList.java:184)
		at javax.servlet.http.HttpServlet.service(HttpServlet.java:634)
		at javax.servlet.http.HttpServlet.service(HttpServlet.java:741)
		at org.apache.catalina.core.ApplicationFilterChain.internalDoFilter(ApplicationFilterChain.java:231)
		at org.apache.catalina.core.ApplicationFilterChain.doFilter(ApplicationFilterChain.java:166)
		at org.apache.tomcat.websocket.server.WsFilter.doFilter(WsFilter.java:53)
		at org.apache.catalina.core.ApplicationFilterChain.internalDoFilter(ApplicationFilterChain.java:193)
		at org.apache.catalina.core.ApplicationFilterChain.doFilter(ApplicationFilterChain.java:166)
		at org.apache.catalina.core.StandardWrapperValve.invoke(StandardWrapperValve.java:202)
		at org.apache.catalina.core.StandardContextValve.invoke(StandardContextValve.java:96)
		at org.apache.catalina.authenticator.AuthenticatorBase.invoke(AuthenticatorBase.java:541)
		at org.apache.catalina.core.StandardHostValve.invoke(StandardHostValve.java:139)
		at org.apache.catalina.valves.ErrorReportValve.invoke(ErrorReportValve.java:92)
		at org.apache.catalina.valves.AbstractAccessLogValve.invoke(AbstractAccessLogValve.java:690)
		at org.apache.catalina.core.StandardEngineValve.invoke(StandardEngineValve.java:74)
		at org.apache.catalina.connector.CoyoteAdapter.service(CoyoteAdapter.java:343)
		at org.apache.coyote.http11.Http11Processor.service(Http11Processor.java:373)
		at org.apache.coyote.AbstractProcessorLight.process(AbstractProcessorLight.java:65)
		at org.apache.coyote.AbstractProtocol$ConnectionHandler.process(AbstractProtocol.java:868)
		at org.apache.tomcat.util.net.NioEndpoint$SocketProcessor.doRun(NioEndpoint.java:1590)
		at org.apache.tomcat.util.net.SocketProcessorBase.run(SocketProcessorBase.java:49)
		at java.base/java.util.concurrent.ThreadPoolExecutor.runWorker(Unknown Source)
		at java.base/java.util.concurrent.ThreadPoolExecutor$Worker.run(Unknown Source)
		at org.apache.tomcat.util.threads.TaskThread$WrappingRunnable.run(TaskThread.java:61)
		at java.base/java.lang.Thread.run(Unknown Source)
29-Jun-2020 02:34:50.792 INFO [main] org.apache.catalina.core.ApplicationContext.log ContextListener: contextInitialized()
29-Jun-2020 02:34:50.793 INFO [main] org.apache.catalina.core.ApplicationContext.log SessionListener: contextInitialized()
29-Jun-2020 02:34:50.795 INFO [main] org.apache.catalina.core.ApplicationContext.log ContextListener: attributeAdded('StockTicker', 'async.Stockticker@2eada095')
29-Jun-2020 02:35:26.284 SEVERE [http-nio-8080-exec-3] org.apache.catalina.core.StandardWrapperValve.invoke Servlet.service() for servlet [NameGenderHandler] in context with path [] threw exception
	java.lang.ArrayIndexOutOfBoundsException: 5
		at SearchList.doGet(SearchList.java:311)
		at javax.servlet.http.HttpServlet.service(HttpServlet.java:634)
		at javax.servlet.http.HttpServlet.service(HttpServlet.java:741)
		at org.apache.catalina.core.ApplicationFilterChain.internalDoFilter(ApplicationFilterChain.java:231)
		at org.apache.catalina.core.ApplicationFilterChain.doFilter(ApplicationFilterChain.java:166)
		at org.apache.tomcat.websocket.server.WsFilter.doFilter(WsFilter.java:53)
		at org.apache.catalina.core.ApplicationFilterChain.internalDoFilter(ApplicationFilterChain.java:193)
		at org.apache.catalina.core.ApplicationFilterChain.doFilter(ApplicationFilterChain.java:166)
		at org.apache.catalina.core.StandardWrapperValve.invoke(StandardWrapperValve.java:202)
		at org.apache.catalina.core.StandardContextValve.invoke(StandardContextValve.java:96)
		at org.apache.catalina.authenticator.AuthenticatorBase.invoke(AuthenticatorBase.java:541)
		at org.apache.catalina.core.StandardHostValve.invoke(StandardHostValve.java:139)
		at org.apache.catalina.valves.ErrorReportValve.invoke(ErrorReportValve.java:92)
		at org.apache.catalina.valves.AbstractAccessLogValve.invoke(AbstractAccessLogValve.java:690)
		at org.apache.catalina.core.StandardEngineValve.invoke(StandardEngineValve.java:74)
		at org.apache.catalina.connector.CoyoteAdapter.service(CoyoteAdapter.java:343)
		at org.apache.coyote.http11.Http11Processor.service(Http11Processor.java:373)
		at org.apache.coyote.AbstractProcessorLight.process(AbstractProcessorLight.java:65)
		at org.apache.coyote.AbstractProtocol$ConnectionHandler.process(AbstractProtocol.java:868)
		at org.apache.tomcat.util.net.NioEndpoint$SocketProcessor.doRun(NioEndpoint.java:1590)
		at org.apache.tomcat.util.net.SocketProcessorBase.run(SocketProcessorBase.java:49)
		at java.base/java.util.concurrent.ThreadPoolExecutor.runWorker(Unknown Source)
		at java.base/java.util.concurrent.ThreadPoolExecutor$Worker.run(Unknown Source)
		at org.apache.tomcat.util.threads.TaskThread$WrappingRunnable.run(TaskThread.java:61)
		at java.base/java.lang.Thread.run(Unknown Source)
29-Jun-2020 02:40:38.745 INFO [main] org.apache.catalina.core.ApplicationContext.log ContextListener: contextInitialized()
29-Jun-2020 02:40:38.745 INFO [main] org.apache.catalina.core.ApplicationContext.log SessionListener: contextInitialized()
29-Jun-2020 02:40:38.747 INFO [main] org.apache.catalina.core.ApplicationContext.log ContextListener: attributeAdded('StockTicker', 'async.Stockticker@4971f459')
29-Jun-2020 02:41:08.177 SEVERE [http-nio-8080-exec-1] org.apache.catalina.core.StandardWrapperValve.invoke Servlet.service() for servlet [NameGenderHandler] in context with path [] threw exception
	java.lang.ArrayIndexOutOfBoundsException: 5
		at SearchList.doGet(SearchList.java:315)
		at javax.servlet.http.HttpServlet.service(HttpServlet.java:634)
		at javax.servlet.http.HttpServlet.service(HttpServlet.java:741)
		at org.apache.catalina.core.ApplicationFilterChain.internalDoFilter(ApplicationFilterChain.java:231)
		at org.apache.catalina.core.ApplicationFilterChain.doFilter(ApplicationFilterChain.java:166)
		at org.apache.tomcat.websocket.server.WsFilter.doFilter(WsFilter.java:53)
		at org.apache.catalina.core.ApplicationFilterChain.internalDoFilter(ApplicationFilterChain.java:193)
		at org.apache.catalina.core.ApplicationFilterChain.doFilter(ApplicationFilterChain.java:166)
		at org.apache.catalina.core.StandardWrapperValve.invoke(StandardWrapperValve.java:202)
		at org.apache.catalina.core.StandardContextValve.invoke(StandardContextValve.java:96)
		at org.apache.catalina.authenticator.AuthenticatorBase.invoke(AuthenticatorBase.java:541)
		at org.apache.catalina.core.StandardHostValve.invoke(StandardHostValve.java:139)
		at org.apache.catalina.valves.ErrorReportValve.invoke(ErrorReportValve.java:92)
		at org.apache.catalina.valves.AbstractAccessLogValve.invoke(AbstractAccessLogValve.java:690)
		at org.apache.catalina.core.StandardEngineValve.invoke(StandardEngineValve.java:74)
		at org.apache.catalina.connector.CoyoteAdapter.service(CoyoteAdapter.java:343)
		at org.apache.coyote.http11.Http11Processor.service(Http11Processor.java:373)
		at org.apache.coyote.AbstractProcessorLight.process(AbstractProcessorLight.java:65)
		at org.apache.coyote.AbstractProtocol$ConnectionHandler.process(AbstractProtocol.java:868)
		at org.apache.tomcat.util.net.NioEndpoint$SocketProcessor.doRun(NioEndpoint.java:1590)
		at org.apache.tomcat.util.net.SocketProcessorBase.run(SocketProcessorBase.java:49)
		at java.base/java.util.concurrent.ThreadPoolExecutor.runWorker(Unknown Source)
		at java.base/java.util.concurrent.ThreadPoolExecutor$Worker.run(Unknown Source)
		at org.apache.tomcat.util.threads.TaskThread$WrappingRunnable.run(TaskThread.java:61)
		at java.base/java.lang.Thread.run(Unknown Source)
29-Jun-2020 02:43:48.115 INFO [main] org.apache.catalina.core.ApplicationContext.log ContextListener: contextInitialized()
29-Jun-2020 02:43:48.115 INFO [main] org.apache.catalina.core.ApplicationContext.log SessionListener: contextInitialized()
29-Jun-2020 02:43:48.117 INFO [main] org.apache.catalina.core.ApplicationContext.log ContextListener: attributeAdded('StockTicker', 'async.Stockticker@52831a73')
29-Jun-2020 02:44:34.098 SEVERE [http-nio-8080-exec-10] org.apache.catalina.core.StandardWrapperValve.invoke Servlet.service() for servlet [NameGenderHandler] in context with path [] threw exception
	java.lang.ArrayIndexOutOfBoundsException: 5
		at SearchList.doGet(SearchList.java:319)
		at javax.servlet.http.HttpServlet.service(HttpServlet.java:634)
		at javax.servlet.http.HttpServlet.service(HttpServlet.java:741)
		at org.apache.catalina.core.ApplicationFilterChain.internalDoFilter(ApplicationFilterChain.java:231)
		at org.apache.catalina.core.ApplicationFilterChain.doFilter(ApplicationFilterChain.java:166)
		at org.apache.tomcat.websocket.server.WsFilter.doFilter(WsFilter.java:53)
		at org.apache.catalina.core.ApplicationFilterChain.internalDoFilter(ApplicationFilterChain.java:193)
		at org.apache.catalina.core.ApplicationFilterChain.doFilter(ApplicationFilterChain.java:166)
		at org.apache.catalina.core.StandardWrapperValve.invoke(StandardWrapperValve.java:202)
		at org.apache.catalina.core.StandardContextValve.invoke(StandardContextValve.java:96)
		at org.apache.catalina.authenticator.AuthenticatorBase.invoke(AuthenticatorBase.java:541)
		at org.apache.catalina.core.StandardHostValve.invoke(StandardHostValve.java:139)
		at org.apache.catalina.valves.ErrorReportValve.invoke(ErrorReportValve.java:92)
		at org.apache.catalina.valves.AbstractAccessLogValve.invoke(AbstractAccessLogValve.java:690)
		at org.apache.catalina.core.StandardEngineValve.invoke(StandardEngineValve.java:74)
		at org.apache.catalina.connector.CoyoteAdapter.service(CoyoteAdapter.java:343)
		at org.apache.coyote.http11.Http11Processor.service(Http11Processor.java:373)
		at org.apache.coyote.AbstractProcessorLight.process(AbstractProcessorLight.java:65)
		at org.apache.coyote.AbstractProtocol$ConnectionHandler.process(AbstractProtocol.java:868)
		at org.apache.tomcat.util.net.NioEndpoint$SocketProcessor.doRun(NioEndpoint.java:1590)
		at org.apache.tomcat.util.net.SocketProcessorBase.run(SocketProcessorBase.java:49)
		at java.base/java.util.concurrent.ThreadPoolExecutor.runWorker(Unknown Source)
		at java.base/java.util.concurrent.ThreadPoolExecutor$Worker.run(Unknown Source)
		at org.apache.tomcat.util.threads.TaskThread$WrappingRunnable.run(TaskThread.java:61)
		at java.base/java.lang.Thread.run(Unknown Source)
29-Jun-2020 02:50:48.541 INFO [main] org.apache.catalina.core.ApplicationContext.log ContextListener: contextInitialized()
29-Jun-2020 02:50:48.541 INFO [main] org.apache.catalina.core.ApplicationContext.log SessionListener: contextInitialized()
29-Jun-2020 02:50:48.543 INFO [main] org.apache.catalina.core.ApplicationContext.log ContextListener: attributeAdded('StockTicker', 'async.Stockticker@4c07d1fc')
29-Jun-2020 03:03:43.328 INFO [main] org.apache.catalina.core.ApplicationContext.log ContextListener: contextInitialized()
29-Jun-2020 03:03:43.328 INFO [main] org.apache.catalina.core.ApplicationContext.log SessionListener: contextInitialized()
29-Jun-2020 03:03:43.331 INFO [main] org.apache.catalina.core.ApplicationContext.log ContextListener: attributeAdded('StockTicker', 'async.Stockticker@1416ff46')
29-Jun-2020 03:04:53.389 SEVERE [http-nio-8080-exec-2] org.apache.catalina.core.StandardWrapperValve.invoke Servlet.service() for servlet [NameGenderHandler] in context with path [] threw exception
	java.lang.NullPointerException
		at java.base/java.lang.StringBuilder.<init>(Unknown Source)
		at SearchList.doGet(SearchList.java:76)
		at javax.servlet.http.HttpServlet.service(HttpServlet.java:634)
		at javax.servlet.http.HttpServlet.service(HttpServlet.java:741)
		at org.apache.catalina.core.ApplicationFilterChain.internalDoFilter(ApplicationFilterChain.java:231)
		at org.apache.catalina.core.ApplicationFilterChain.doFilter(ApplicationFilterChain.java:166)
		at org.apache.tomcat.websocket.server.WsFilter.doFilter(WsFilter.java:53)
		at org.apache.catalina.core.ApplicationFilterChain.internalDoFilter(ApplicationFilterChain.java:193)
		at org.apache.catalina.core.ApplicationFilterChain.doFilter(ApplicationFilterChain.java:166)
		at org.apache.catalina.core.StandardWrapperValve.invoke(StandardWrapperValve.java:202)
		at org.apache.catalina.core.StandardContextValve.invoke(StandardContextValve.java:96)
		at org.apache.catalina.authenticator.AuthenticatorBase.invoke(AuthenticatorBase.java:541)
		at org.apache.catalina.core.StandardHostValve.invoke(StandardHostValve.java:139)
		at org.apache.catalina.valves.ErrorReportValve.invoke(ErrorReportValve.java:92)
		at org.apache.catalina.valves.AbstractAccessLogValve.invoke(AbstractAccessLogValve.java:690)
		at org.apache.catalina.core.StandardEngineValve.invoke(StandardEngineValve.java:74)
		at org.apache.catalina.connector.CoyoteAdapter.service(CoyoteAdapter.java:343)
		at org.apache.coyote.http11.Http11Processor.service(Http11Processor.java:373)
		at org.apache.coyote.AbstractProcessorLight.process(AbstractProcessorLight.java:65)
		at org.apache.coyote.AbstractProtocol$ConnectionHandler.process(AbstractProtocol.java:868)
		at org.apache.tomcat.util.net.NioEndpoint$SocketProcessor.doRun(NioEndpoint.java:1590)
		at org.apache.tomcat.util.net.SocketProcessorBase.run(SocketProcessorBase.java:49)
		at java.base/java.util.concurrent.ThreadPoolExecutor.runWorker(Unknown Source)
		at java.base/java.util.concurrent.ThreadPoolExecutor$Worker.run(Unknown Source)
		at org.apache.tomcat.util.threads.TaskThread$WrappingRunnable.run(TaskThread.java:61)
		at java.base/java.lang.Thread.run(Unknown Source)
29-Jun-2020 03:06:41.038 INFO [main] org.apache.catalina.core.ApplicationContext.log ContextListener: contextInitialized()
29-Jun-2020 03:06:41.038 INFO [main] org.apache.catalina.core.ApplicationContext.log SessionListener: contextInitialized()
29-Jun-2020 03:06:41.040 INFO [main] org.apache.catalina.core.ApplicationContext.log ContextListener: attributeAdded('StockTicker', 'async.Stockticker@52831a73')
29-Jun-2020 05:20:56.811 INFO [main] org.apache.catalina.core.ApplicationContext.log ContextListener: contextInitialized()
29-Jun-2020 05:20:56.811 INFO [main] org.apache.catalina.core.ApplicationContext.log SessionListener: contextInitialized()
29-Jun-2020 05:20:56.813 INFO [main] org.apache.catalina.core.ApplicationContext.log ContextListener: attributeAdded('StockTicker', 'async.Stockticker@2506e949')
29-Jun-2020 05:21:33.167 SEVERE [http-nio-8080-exec-6] org.apache.catalina.core.StandardWrapperValve.invoke Servlet.service() for servlet [NameGenderHandler] in context with path [] threw exception
	java.lang.IndexOutOfBoundsException: Index 45 out-of-bounds for length 5
		at java.base/jdk.internal.util.Preconditions.outOfBounds(Unknown Source)
		at java.base/jdk.internal.util.Preconditions.outOfBoundsCheckIndex(Unknown Source)
		at java.base/jdk.internal.util.Preconditions.checkIndex(Unknown Source)
		at java.base/java.util.Objects.checkIndex(Unknown Source)
		at java.base/java.util.ArrayList.get(Unknown Source)
		at SearchList.doGet(SearchList.java:186)
		at javax.servlet.http.HttpServlet.service(HttpServlet.java:634)
		at javax.servlet.http.HttpServlet.service(HttpServlet.java:741)
		at org.apache.catalina.core.ApplicationFilterChain.internalDoFilter(ApplicationFilterChain.java:231)
		at org.apache.catalina.core.ApplicationFilterChain.doFilter(ApplicationFilterChain.java:166)
		at org.apache.tomcat.websocket.server.WsFilter.doFilter(WsFilter.java:53)
		at org.apache.catalina.core.ApplicationFilterChain.internalDoFilter(ApplicationFilterChain.java:193)
		at org.apache.catalina.core.ApplicationFilterChain.doFilter(ApplicationFilterChain.java:166)
		at org.apache.catalina.core.StandardWrapperValve.invoke(StandardWrapperValve.java:202)
		at org.apache.catalina.core.StandardContextValve.invoke(StandardContextValve.java:96)
		at org.apache.catalina.authenticator.AuthenticatorBase.invoke(AuthenticatorBase.java:541)
		at org.apache.catalina.core.StandardHostValve.invoke(StandardHostValve.java:139)
		at org.apache.catalina.valves.ErrorReportValve.invoke(ErrorReportValve.java:92)
		at org.apache.catalina.valves.AbstractAccessLogValve.invoke(AbstractAccessLogValve.java:690)
		at org.apache.catalina.core.StandardEngineValve.invoke(StandardEngineValve.java:74)
		at org.apache.catalina.connector.CoyoteAdapter.service(CoyoteAdapter.java:343)
		at org.apache.coyote.http11.Http11Processor.service(Http11Processor.java:373)
		at org.apache.coyote.AbstractProcessorLight.process(AbstractProcessorLight.java:65)
		at org.apache.coyote.AbstractProtocol$ConnectionHandler.process(AbstractProtocol.java:868)
		at org.apache.tomcat.util.net.NioEndpoint$SocketProcessor.doRun(NioEndpoint.java:1590)
		at org.apache.tomcat.util.net.SocketProcessorBase.run(SocketProcessorBase.java:49)
		at java.base/java.util.concurrent.ThreadPoolExecutor.runWorker(Unknown Source)
		at java.base/java.util.concurrent.ThreadPoolExecutor$Worker.run(Unknown Source)
		at org.apache.tomcat.util.threads.TaskThread$WrappingRunnable.run(TaskThread.java:61)
		at java.base/java.lang.Thread.run(Unknown Source)
29-Jun-2020 05:23:10.086 INFO [main] org.apache.catalina.core.ApplicationContext.log ContextListener: contextInitialized()
29-Jun-2020 05:23:10.087 INFO [main] org.apache.catalina.core.ApplicationContext.log SessionListener: contextInitialized()
29-Jun-2020 05:23:10.089 INFO [main] org.apache.catalina.core.ApplicationContext.log ContextListener: attributeAdded('StockTicker', 'async.Stockticker@1cbc1dde')
29-Jun-2020 05:23:30.380 SEVERE [http-nio-8080-exec-3] org.apache.catalina.core.StandardWrapperValve.invoke Servlet.service() for servlet [NameGenderHandler] in context with path [] threw exception
	java.lang.IndexOutOfBoundsException: Index 45 out-of-bounds for length 5
		at java.base/jdk.internal.util.Preconditions.outOfBounds(Unknown Source)
		at java.base/jdk.internal.util.Preconditions.outOfBoundsCheckIndex(Unknown Source)
		at java.base/jdk.internal.util.Preconditions.checkIndex(Unknown Source)
		at java.base/java.util.Objects.checkIndex(Unknown Source)
		at java.base/java.util.ArrayList.get(Unknown Source)
		at SearchList.doGet(SearchList.java:186)
		at javax.servlet.http.HttpServlet.service(HttpServlet.java:634)
		at javax.servlet.http.HttpServlet.service(HttpServlet.java:741)
		at org.apache.catalina.core.ApplicationFilterChain.internalDoFilter(ApplicationFilterChain.java:231)
		at org.apache.catalina.core.ApplicationFilterChain.doFilter(ApplicationFilterChain.java:166)
		at org.apache.tomcat.websocket.server.WsFilter.doFilter(WsFilter.java:53)
		at org.apache.catalina.core.ApplicationFilterChain.internalDoFilter(ApplicationFilterChain.java:193)
		at org.apache.catalina.core.ApplicationFilterChain.doFilter(ApplicationFilterChain.java:166)
		at org.apache.catalina.core.StandardWrapperValve.invoke(StandardWrapperValve.java:202)
		at org.apache.catalina.core.StandardContextValve.invoke(StandardContextValve.java:96)
		at org.apache.catalina.authenticator.AuthenticatorBase.invoke(AuthenticatorBase.java:541)
		at org.apache.catalina.core.StandardHostValve.invoke(StandardHostValve.java:139)
		at org.apache.catalina.valves.ErrorReportValve.invoke(ErrorReportValve.java:92)
		at org.apache.catalina.valves.AbstractAccessLogValve.invoke(AbstractAccessLogValve.java:690)
		at org.apache.catalina.core.StandardEngineValve.invoke(StandardEngineValve.java:74)
		at org.apache.catalina.connector.CoyoteAdapter.service(CoyoteAdapter.java:343)
		at org.apache.coyote.http11.Http11Processor.service(Http11Processor.java:373)
		at org.apache.coyote.AbstractProcessorLight.process(AbstractProcessorLight.java:65)
		at org.apache.coyote.AbstractProtocol$ConnectionHandler.process(AbstractProtocol.java:868)
		at org.apache.tomcat.util.net.NioEndpoint$SocketProcessor.doRun(NioEndpoint.java:1590)
		at org.apache.tomcat.util.net.SocketProcessorBase.run(SocketProcessorBase.java:49)
		at java.base/java.util.concurrent.ThreadPoolExecutor.runWorker(Unknown Source)
		at java.base/java.util.concurrent.ThreadPoolExecutor$Worker.run(Unknown Source)
		at org.apache.tomcat.util.threads.TaskThread$WrappingRunnable.run(TaskThread.java:61)
		at java.base/java.lang.Thread.run(Unknown Source)
29-Jun-2020 05:25:33.339 INFO [main] org.apache.catalina.core.ApplicationContext.log ContextListener: contextInitialized()
29-Jun-2020 05:25:33.339 INFO [main] org.apache.catalina.core.ApplicationContext.log SessionListener: contextInitialized()
29-Jun-2020 05:25:33.341 INFO [main] org.apache.catalina.core.ApplicationContext.log ContextListener: attributeAdded('StockTicker', 'async.Stockticker@e5c2463')
29-Jun-2020 05:25:57.082 SEVERE [http-nio-8080-exec-2] org.apache.catalina.core.StandardWrapperValve.invoke Servlet.service() for servlet [NameGenderHandler] in context with path [] threw exception
	java.lang.IndexOutOfBoundsException: Index 45 out-of-bounds for length 5
		at java.base/jdk.internal.util.Preconditions.outOfBounds(Unknown Source)
		at java.base/jdk.internal.util.Preconditions.outOfBoundsCheckIndex(Unknown Source)
		at java.base/jdk.internal.util.Preconditions.checkIndex(Unknown Source)
		at java.base/java.util.Objects.checkIndex(Unknown Source)
		at java.base/java.util.ArrayList.get(Unknown Source)
		at SearchList.doGet(SearchList.java:188)
		at javax.servlet.http.HttpServlet.service(HttpServlet.java:634)
		at javax.servlet.http.HttpServlet.service(HttpServlet.java:741)
		at org.apache.catalina.core.ApplicationFilterChain.internalDoFilter(ApplicationFilterChain.java:231)
		at org.apache.catalina.core.ApplicationFilterChain.doFilter(ApplicationFilterChain.java:166)
		at org.apache.tomcat.websocket.server.WsFilter.doFilter(WsFilter.java:53)
		at org.apache.catalina.core.ApplicationFilterChain.internalDoFilter(ApplicationFilterChain.java:193)
		at org.apache.catalina.core.ApplicationFilterChain.doFilter(ApplicationFilterChain.java:166)
		at org.apache.catalina.core.StandardWrapperValve.invoke(StandardWrapperValve.java:202)
		at org.apache.catalina.core.StandardContextValve.invoke(StandardContextValve.java:96)
		at org.apache.catalina.authenticator.AuthenticatorBase.invoke(AuthenticatorBase.java:541)
		at org.apache.catalina.core.StandardHostValve.invoke(StandardHostValve.java:139)
		at org.apache.catalina.valves.ErrorReportValve.invoke(ErrorReportValve.java:92)
		at org.apache.catalina.valves.AbstractAccessLogValve.invoke(AbstractAccessLogValve.java:690)
		at org.apache.catalina.core.StandardEngineValve.invoke(StandardEngineValve.java:74)
		at org.apache.catalina.connector.CoyoteAdapter.service(CoyoteAdapter.java:343)
		at org.apache.coyote.http11.Http11Processor.service(Http11Processor.java:373)
		at org.apache.coyote.AbstractProcessorLight.process(AbstractProcessorLight.java:65)
		at org.apache.coyote.AbstractProtocol$ConnectionHandler.process(AbstractProtocol.java:868)
		at org.apache.tomcat.util.net.NioEndpoint$SocketProcessor.doRun(NioEndpoint.java:1590)
		at org.apache.tomcat.util.net.SocketProcessorBase.run(SocketProcessorBase.java:49)
		at java.base/java.util.concurrent.ThreadPoolExecutor.runWorker(Unknown Source)
		at java.base/java.util.concurrent.ThreadPoolExecutor$Worker.run(Unknown Source)
		at org.apache.tomcat.util.threads.TaskThread$WrappingRunnable.run(TaskThread.java:61)
		at java.base/java.lang.Thread.run(Unknown Source)
29-Jun-2020 05:28:16.537 INFO [main] org.apache.catalina.core.ApplicationContext.log ContextListener: contextInitialized()
29-Jun-2020 05:28:16.538 INFO [main] org.apache.catalina.core.ApplicationContext.log SessionListener: contextInitialized()
29-Jun-2020 05:28:16.540 INFO [main] org.apache.catalina.core.ApplicationContext.log ContextListener: attributeAdded('StockTicker', 'async.Stockticker@19da993b')
29-Jun-2020 05:28:39.088 SEVERE [http-nio-8080-exec-1] org.apache.catalina.core.StandardWrapperValve.invoke Servlet.service() for servlet [NameGenderHandler] in context with path [] threw exception
	java.lang.IndexOutOfBoundsException: Index 45 out-of-bounds for length 5
		at java.base/jdk.internal.util.Preconditions.outOfBounds(Unknown Source)
		at java.base/jdk.internal.util.Preconditions.outOfBoundsCheckIndex(Unknown Source)
		at java.base/jdk.internal.util.Preconditions.checkIndex(Unknown Source)
		at java.base/java.util.Objects.checkIndex(Unknown Source)
		at java.base/java.util.ArrayList.get(Unknown Source)
		at SearchList.doGet(SearchList.java:188)
		at javax.servlet.http.HttpServlet.service(HttpServlet.java:634)
		at javax.servlet.http.HttpServlet.service(HttpServlet.java:741)
		at org.apache.catalina.core.ApplicationFilterChain.internalDoFilter(ApplicationFilterChain.java:231)
		at org.apache.catalina.core.ApplicationFilterChain.doFilter(ApplicationFilterChain.java:166)
		at org.apache.tomcat.websocket.server.WsFilter.doFilter(WsFilter.java:53)
		at org.apache.catalina.core.ApplicationFilterChain.internalDoFilter(ApplicationFilterChain.java:193)
		at org.apache.catalina.core.ApplicationFilterChain.doFilter(ApplicationFilterChain.java:166)
		at org.apache.catalina.core.StandardWrapperValve.invoke(StandardWrapperValve.java:202)
		at org.apache.catalina.core.StandardContextValve.invoke(StandardContextValve.java:96)
		at org.apache.catalina.authenticator.AuthenticatorBase.invoke(AuthenticatorBase.java:541)
		at org.apache.catalina.core.StandardHostValve.invoke(StandardHostValve.java:139)
		at org.apache.catalina.valves.ErrorReportValve.invoke(ErrorReportValve.java:92)
		at org.apache.catalina.valves.AbstractAccessLogValve.invoke(AbstractAccessLogValve.java:690)
		at org.apache.catalina.core.StandardEngineValve.invoke(StandardEngineValve.java:74)
		at org.apache.catalina.connector.CoyoteAdapter.service(CoyoteAdapter.java:343)
		at org.apache.coyote.http11.Http11Processor.service(Http11Processor.java:373)
		at org.apache.coyote.AbstractProcessorLight.process(AbstractProcessorLight.java:65)
		at org.apache.coyote.AbstractProtocol$ConnectionHandler.process(AbstractProtocol.java:868)
		at org.apache.tomcat.util.net.NioEndpoint$SocketProcessor.doRun(NioEndpoint.java:1590)
		at org.apache.tomcat.util.net.SocketProcessorBase.run(SocketProcessorBase.java:49)
		at java.base/java.util.concurrent.ThreadPoolExecutor.runWorker(Unknown Source)
		at java.base/java.util.concurrent.ThreadPoolExecutor$Worker.run(Unknown Source)
		at org.apache.tomcat.util.threads.TaskThread$WrappingRunnable.run(TaskThread.java:61)
		at java.base/java.lang.Thread.run(Unknown Source)
29-Jun-2020 05:35:07.623 INFO [main] org.apache.catalina.core.ApplicationContext.log ContextListener: contextInitialized()
29-Jun-2020 05:35:07.623 INFO [main] org.apache.catalina.core.ApplicationContext.log SessionListener: contextInitialized()
29-Jun-2020 05:35:07.625 INFO [main] org.apache.catalina.core.ApplicationContext.log ContextListener: attributeAdded('StockTicker', 'async.Stockticker@415d88de')
29-Jun-2020 05:56:09.654 INFO [main] org.apache.catalina.core.ApplicationContext.log ContextListener: contextInitialized()
29-Jun-2020 05:56:09.654 INFO [main] org.apache.catalina.core.ApplicationContext.log SessionListener: contextInitialized()
29-Jun-2020 05:56:09.657 INFO [main] org.apache.catalina.core.ApplicationContext.log ContextListener: attributeAdded('StockTicker', 'async.Stockticker@66ec4409')
29-Jun-2020 06:18:04.410 INFO [main] org.apache.catalina.core.ApplicationContext.log ContextListener: contextInitialized()
29-Jun-2020 06:18:04.410 INFO [main] org.apache.catalina.core.ApplicationContext.log SessionListener: contextInitialized()
29-Jun-2020 06:18:04.410 INFO [main] org.apache.catalina.core.ApplicationContext.log ContextListener: attributeAdded('StockTicker', 'async.Stockticker@4c07d1fc')
29-Jun-2020 06:19:26.642 SEVERE [http-nio-8080-exec-8] org.apache.catalina.core.StandardWrapperValve.invoke Servlet.service() for servlet [NameGenderHandler] in context with path [] threw exception
	java.lang.IndexOutOfBoundsException: Index 88 out-of-bounds for length 86
		at java.base/jdk.internal.util.Preconditions.outOfBounds(Unknown Source)
		at java.base/jdk.internal.util.Preconditions.outOfBoundsCheckIndex(Unknown Source)
		at java.base/jdk.internal.util.Preconditions.checkIndex(Unknown Source)
		at java.base/java.util.Objects.checkIndex(Unknown Source)
		at java.base/java.util.ArrayList.get(Unknown Source)
		at indexer.LuceneTester.search(LuceneTester.java:91)
		at SearchList.doGet(SearchList.java:133)
		at javax.servlet.http.HttpServlet.service(HttpServlet.java:634)
		at javax.servlet.http.HttpServlet.service(HttpServlet.java:741)
		at org.apache.catalina.core.ApplicationFilterChain.internalDoFilter(ApplicationFilterChain.java:231)
		at org.apache.catalina.core.ApplicationFilterChain.doFilter(ApplicationFilterChain.java:166)
		at org.apache.tomcat.websocket.server.WsFilter.doFilter(WsFilter.java:53)
		at org.apache.catalina.core.ApplicationFilterChain.internalDoFilter(ApplicationFilterChain.java:193)
		at org.apache.catalina.core.ApplicationFilterChain.doFilter(ApplicationFilterChain.java:166)
		at org.apache.catalina.core.StandardWrapperValve.invoke(StandardWrapperValve.java:202)
		at org.apache.catalina.core.StandardContextValve.invoke(StandardContextValve.java:96)
		at org.apache.catalina.authenticator.AuthenticatorBase.invoke(AuthenticatorBase.java:541)
		at org.apache.catalina.core.StandardHostValve.invoke(StandardHostValve.java:139)
		at org.apache.catalina.valves.ErrorReportValve.invoke(ErrorReportValve.java:92)
		at org.apache.catalina.valves.AbstractAccessLogValve.invoke(AbstractAccessLogValve.java:690)
		at org.apache.catalina.core.StandardEngineValve.invoke(StandardEngineValve.java:74)
		at org.apache.catalina.connector.CoyoteAdapter.service(CoyoteAdapter.java:343)
		at org.apache.coyote.http11.Http11Processor.service(Http11Processor.java:373)
		at org.apache.coyote.AbstractProcessorLight.process(AbstractProcessorLight.java:65)
		at org.apache.coyote.AbstractProtocol$ConnectionHandler.process(AbstractProtocol.java:868)
		at org.apache.tomcat.util.net.NioEndpoint$SocketProcessor.doRun(NioEndpoint.java:1590)
		at org.apache.tomcat.util.net.SocketProcessorBase.run(SocketProcessorBase.java:49)
		at java.base/java.util.concurrent.ThreadPoolExecutor.runWorker(Unknown Source)
		at java.base/java.util.concurrent.ThreadPoolExecutor$Worker.run(Unknown Source)
		at org.apache.tomcat.util.threads.TaskThread$WrappingRunnable.run(TaskThread.java:61)
		at java.base/java.lang.Thread.run(Unknown Source)
29-Jun-2020 06:24:47.703 INFO [main] org.apache.catalina.core.ApplicationContext.log ContextListener: contextInitialized()
29-Jun-2020 06:24:47.703 INFO [main] org.apache.catalina.core.ApplicationContext.log SessionListener: contextInitialized()
29-Jun-2020 06:24:47.705 INFO [main] org.apache.catalina.core.ApplicationContext.log ContextListener: attributeAdded('StockTicker', 'async.Stockticker@2506e949')
29-Jun-2020 06:27:46.222 INFO [main] org.apache.catalina.core.ApplicationContext.log ContextListener: contextInitialized()
29-Jun-2020 06:27:46.223 INFO [main] org.apache.catalina.core.ApplicationContext.log SessionListener: contextInitialized()
29-Jun-2020 06:27:46.225 INFO [main] org.apache.catalina.core.ApplicationContext.log ContextListener: attributeAdded('StockTicker', 'async.Stockticker@1a2e0d57')
29-Jun-2020 06:46:25.633 INFO [main] org.apache.catalina.core.ApplicationContext.log ContextListener: contextInitialized()
29-Jun-2020 06:46:25.633 INFO [main] org.apache.catalina.core.ApplicationContext.log SessionListener: contextInitialized()
29-Jun-2020 06:46:25.633 INFO [main] org.apache.catalina.core.ApplicationContext.log ContextListener: attributeAdded('StockTicker', 'async.Stockticker@66ec4409')
29-Jun-2020 06:54:53.602 INFO [main] org.apache.catalina.core.ApplicationContext.log ContextListener: contextInitialized()
29-Jun-2020 06:54:53.602 INFO [main] org.apache.catalina.core.ApplicationContext.log SessionListener: contextInitialized()
29-Jun-2020 06:54:53.604 INFO [main] org.apache.catalina.core.ApplicationContext.log ContextListener: attributeAdded('StockTicker', 'async.Stockticker@3c19592c')
29-Jun-2020 06:56:35.752 INFO [main] org.apache.catalina.core.ApplicationContext.log ContextListener: contextInitialized()
29-Jun-2020 06:56:35.752 INFO [main] org.apache.catalina.core.ApplicationContext.log SessionListener: contextInitialized()
29-Jun-2020 06:56:35.754 INFO [main] org.apache.catalina.core.ApplicationContext.log ContextListener: attributeAdded('StockTicker', 'async.Stockticker@415d88de')
29-Jun-2020 08:45:26.816 INFO [main] org.apache.catalina.core.ApplicationContext.log ContextListener: contextInitialized()
29-Jun-2020 08:45:26.816 INFO [main] org.apache.catalina.core.ApplicationContext.log SessionListener: contextInitialized()
29-Jun-2020 08:45:26.818 INFO [main] org.apache.catalina.core.ApplicationContext.log ContextListener: attributeAdded('StockTicker', 'async.Stockticker@6f1c3f18')
29-Jun-2020 08:55:06.598 INFO [main] org.apache.catalina.core.ApplicationContext.log ContextListener: contextInitialized()
29-Jun-2020 08:55:06.598 INFO [main] org.apache.catalina.core.ApplicationContext.log SessionListener: contextInitialized()
29-Jun-2020 08:55:06.603 INFO [main] org.apache.catalina.core.ApplicationContext.log ContextListener: attributeAdded('StockTicker', 'async.Stockticker@7e5b621b')
29-Jun-2020 08:58:58.377 INFO [main] org.apache.catalina.core.ApplicationContext.log ContextListener: contextInitialized()
29-Jun-2020 08:58:58.377 INFO [main] org.apache.catalina.core.ApplicationContext.log SessionListener: contextInitialized()
29-Jun-2020 08:58:58.379 INFO [main] org.apache.catalina.core.ApplicationContext.log ContextListener: attributeAdded('StockTicker', 'async.Stockticker@1cbc1dde')
29-Jun-2020 09:06:22.177 INFO [main] org.apache.catalina.core.ApplicationContext.log ContextListener: contextInitialized()
29-Jun-2020 09:06:22.177 INFO [main] org.apache.catalina.core.ApplicationContext.log SessionListener: contextInitialized()
29-Jun-2020 09:06:22.177 INFO [main] org.apache.catalina.core.ApplicationContext.log ContextListener: attributeAdded('StockTicker', 'async.Stockticker@188a5fc2')
29-Jun-2020 09:07:32.744 INFO [main] org.apache.catalina.core.ApplicationContext.log ContextListener: contextInitialized()
29-Jun-2020 09:07:32.745 INFO [main] org.apache.catalina.core.ApplicationContext.log SessionListener: contextInitialized()
29-Jun-2020 09:07:32.747 INFO [main] org.apache.catalina.core.ApplicationContext.log ContextListener: attributeAdded('StockTicker', 'async.Stockticker@124d26ba')
29-Jun-2020 09:08:02.046 SEVERE [http-nio-8080-exec-1] org.apache.catalina.core.StandardWrapperValve.invoke Servlet.service() for servlet [NameGenderHandler] in context with path [] threw exception
	java.lang.NullPointerException
		at ranker.DownloadPage.distanceRelevence(DownloadPage.java:19)
		at ranker.Ranker.FindCountryCode(Ranker.java:150)
		at ranker.Ranker.rankIndices(Ranker.java:127)
		at SearchList.doGet(SearchList.java:166)
		at javax.servlet.http.HttpServlet.service(HttpServlet.java:634)
		at javax.servlet.http.HttpServlet.service(HttpServlet.java:741)
		at org.apache.catalina.core.ApplicationFilterChain.internalDoFilter(ApplicationFilterChain.java:231)
		at org.apache.catalina.core.ApplicationFilterChain.doFilter(ApplicationFilterChain.java:166)
		at org.apache.tomcat.websocket.server.WsFilter.doFilter(WsFilter.java:53)
		at org.apache.catalina.core.ApplicationFilterChain.internalDoFilter(ApplicationFilterChain.java:193)
		at org.apache.catalina.core.ApplicationFilterChain.doFilter(ApplicationFilterChain.java:166)
		at org.apache.catalina.core.StandardWrapperValve.invoke(StandardWrapperValve.java:202)
		at org.apache.catalina.core.StandardContextValve.invoke(StandardContextValve.java:96)
		at org.apache.catalina.authenticator.AuthenticatorBase.invoke(AuthenticatorBase.java:541)
		at org.apache.catalina.core.StandardHostValve.invoke(StandardHostValve.java:139)
		at org.apache.catalina.valves.ErrorReportValve.invoke(ErrorReportValve.java:92)
		at org.apache.catalina.valves.AbstractAccessLogValve.invoke(AbstractAccessLogValve.java:690)
		at org.apache.catalina.core.StandardEngineValve.invoke(StandardEngineValve.java:74)
		at org.apache.catalina.connector.CoyoteAdapter.service(CoyoteAdapter.java:343)
		at org.apache.coyote.http11.Http11Processor.service(Http11Processor.java:373)
		at org.apache.coyote.AbstractProcessorLight.process(AbstractProcessorLight.java:65)
		at org.apache.coyote.AbstractProtocol$ConnectionHandler.process(AbstractProtocol.java:868)
		at org.apache.tomcat.util.net.NioEndpoint$SocketProcessor.doRun(NioEndpoint.java:1590)
		at org.apache.tomcat.util.net.SocketProcessorBase.run(SocketProcessorBase.java:49)
		at java.base/java.util.concurrent.ThreadPoolExecutor.runWorker(Unknown Source)
		at java.base/java.util.concurrent.ThreadPoolExecutor$Worker.run(Unknown Source)
		at org.apache.tomcat.util.threads.TaskThread$WrappingRunnable.run(TaskThread.java:61)
		at java.base/java.lang.Thread.run(Unknown Source)
29-Jun-2020 09:09:00.917 INFO [main] org.apache.catalina.core.ApplicationContext.log ContextListener: contextInitialized()
29-Jun-2020 09:09:00.917 INFO [main] org.apache.catalina.core.ApplicationContext.log SessionListener: contextInitialized()
29-Jun-2020 09:09:00.917 INFO [main] org.apache.catalina.core.ApplicationContext.log ContextListener: attributeAdded('StockTicker', 'async.Stockticker@52831a73')
29-Jun-2020 09:20:40.845 INFO [main] org.apache.catalina.core.ApplicationContext.log ContextListener: contextInitialized()
29-Jun-2020 09:20:40.846 INFO [main] org.apache.catalina.core.ApplicationContext.log SessionListener: contextInitialized()
29-Jun-2020 09:20:40.849 INFO [main] org.apache.catalina.core.ApplicationContext.log ContextListener: attributeAdded('StockTicker', 'async.Stockticker@310a7859')
29-Jun-2020 09:21:35.958 SEVERE [http-nio-8080-exec-4] org.apache.catalina.core.StandardWrapperValve.invoke Servlet.service() for servlet [NameGenderHandler] in context with path [] threw exception
	java.lang.NullPointerException
		at ranker.DownloadPage.distanceRelevence(DownloadPage.java:19)
		at ranker.Ranker.FindCountryCode(Ranker.java:150)
		at ranker.Ranker.rankIndices(Ranker.java:127)
		at SearchList.doGet(SearchList.java:166)
		at javax.servlet.http.HttpServlet.service(HttpServlet.java:634)
		at javax.servlet.http.HttpServlet.service(HttpServlet.java:741)
		at org.apache.catalina.core.ApplicationFilterChain.internalDoFilter(ApplicationFilterChain.java:231)
		at org.apache.catalina.core.ApplicationFilterChain.doFilter(ApplicationFilterChain.java:166)
		at org.apache.tomcat.websocket.server.WsFilter.doFilter(WsFilter.java:53)
		at org.apache.catalina.core.ApplicationFilterChain.internalDoFilter(ApplicationFilterChain.java:193)
		at org.apache.catalina.core.ApplicationFilterChain.doFilter(ApplicationFilterChain.java:166)
		at org.apache.catalina.core.StandardWrapperValve.invoke(StandardWrapperValve.java:202)
		at org.apache.catalina.core.StandardContextValve.invoke(StandardContextValve.java:96)
		at org.apache.catalina.authenticator.AuthenticatorBase.invoke(AuthenticatorBase.java:541)
		at org.apache.catalina.core.StandardHostValve.invoke(StandardHostValve.java:139)
		at org.apache.catalina.valves.ErrorReportValve.invoke(ErrorReportValve.java:92)
		at org.apache.catalina.valves.AbstractAccessLogValve.invoke(AbstractAccessLogValve.java:690)
		at org.apache.catalina.core.StandardEngineValve.invoke(StandardEngineValve.java:74)
		at org.apache.catalina.connector.CoyoteAdapter.service(CoyoteAdapter.java:343)
		at org.apache.coyote.http11.Http11Processor.service(Http11Processor.java:373)
		at org.apache.coyote.AbstractProcessorLight.process(AbstractProcessorLight.java:65)
		at org.apache.coyote.AbstractProtocol$ConnectionHandler.process(AbstractProtocol.java:868)
		at org.apache.tomcat.util.net.NioEndpoint$SocketProcessor.doRun(NioEndpoint.java:1590)
		at org.apache.tomcat.util.net.SocketProcessorBase.run(SocketProcessorBase.java:49)
		at java.base/java.util.concurrent.ThreadPoolExecutor.runWorker(Unknown Source)
		at java.base/java.util.concurrent.ThreadPoolExecutor$Worker.run(Unknown Source)
		at org.apache.tomcat.util.threads.TaskThread$WrappingRunnable.run(TaskThread.java:61)
		at java.base/java.lang.Thread.run(Unknown Source)
29-Jun-2020 09:24:36.653 INFO [main] org.apache.catalina.core.ApplicationContext.log ContextListener: contextInitialized()
29-Jun-2020 09:24:36.653 INFO [main] org.apache.catalina.core.ApplicationContext.log SessionListener: contextInitialized()
29-Jun-2020 09:24:36.653 INFO [main] org.apache.catalina.core.ApplicationContext.log ContextListener: attributeAdded('StockTicker', 'async.Stockticker@4c07d1fc')
29-Jun-2020 09:25:28.118 INFO [main] org.apache.catalina.core.ApplicationContext.log ContextListener: contextInitialized()
29-Jun-2020 09:25:28.118 INFO [main] org.apache.catalina.core.ApplicationContext.log SessionListener: contextInitialized()
29-Jun-2020 09:25:28.134 INFO [main] org.apache.catalina.core.ApplicationContext.log ContextListener: attributeAdded('StockTicker', 'async.Stockticker@1cbc1dde')
29-Jun-2020 09:36:36.292 INFO [main] org.apache.catalina.core.ApplicationContext.log ContextListener: contextInitialized()
29-Jun-2020 09:36:36.293 INFO [main] org.apache.catalina.core.ApplicationContext.log SessionListener: contextInitialized()
29-Jun-2020 09:36:36.295 INFO [main] org.apache.catalina.core.ApplicationContext.log ContextListener: attributeAdded('StockTicker', 'async.Stockticker@66ec4409')
29-Jun-2020 09:41:35.838 INFO [main] org.apache.catalina.core.ApplicationContext.log ContextListener: contextInitialized()
29-Jun-2020 09:41:35.838 INFO [main] org.apache.catalina.core.ApplicationContext.log SessionListener: contextInitialized()
29-Jun-2020 09:41:35.838 INFO [main] org.apache.catalina.core.ApplicationContext.log ContextListener: attributeAdded('StockTicker', 'async.Stockticker@52831a73')
29-Jun-2020 09:49:05.298 INFO [main] org.apache.catalina.core.ApplicationContext.log ContextListener: contextInitialized()
29-Jun-2020 09:49:05.299 INFO [main] org.apache.catalina.core.ApplicationContext.log SessionListener: contextInitialized()
29-Jun-2020 09:49:05.301 INFO [main] org.apache.catalina.core.ApplicationContext.log ContextListener: attributeAdded('StockTicker', 'async.Stockticker@52831a73')
29-Jun-2020 09:53:54.585 INFO [main] org.apache.catalina.core.ApplicationContext.log ContextListener: contextInitialized()
29-Jun-2020 09:53:54.585 INFO [main] org.apache.catalina.core.ApplicationContext.log SessionListener: contextInitialized()
29-Jun-2020 09:53:54.587 INFO [main] org.apache.catalina.core.ApplicationContext.log ContextListener: attributeAdded('StockTicker', 'async.Stockticker@58f31629')
29-Jun-2020 09:55:36.538 INFO [main] org.apache.catalina.core.ApplicationContext.log ContextListener: contextInitialized()
29-Jun-2020 09:55:36.538 INFO [main] org.apache.catalina.core.ApplicationContext.log SessionListener: contextInitialized()
29-Jun-2020 09:55:36.553 INFO [main] org.apache.catalina.core.ApplicationContext.log ContextListener: attributeAdded('StockTicker', 'async.Stockticker@41f3aaf1')
29-Jun-2020 10:04:36.810 INFO [main] org.apache.catalina.core.ApplicationContext.log ContextListener: contextInitialized()
29-Jun-2020 10:04:36.810 INFO [main] org.apache.catalina.core.ApplicationContext.log SessionListener: contextInitialized()
29-Jun-2020 10:04:36.810 INFO [main] org.apache.catalina.core.ApplicationContext.log ContextListener: attributeAdded('StockTicker', 'async.Stockticker@e5c2463')
29-Jun-2020 10:36:51.052 INFO [main] org.apache.catalina.core.ApplicationContext.log ContextListener: contextInitialized()
29-Jun-2020 10:36:51.052 INFO [main] org.apache.catalina.core.ApplicationContext.log SessionListener: contextInitialized()
29-Jun-2020 10:36:51.052 INFO [main] org.apache.catalina.core.ApplicationContext.log ContextListener: attributeAdded('StockTicker', 'async.Stockticker@66ec4409')
29-Jun-2020 10:37:13.427 SEVERE [http-nio-8080-exec-5] org.apache.catalina.core.StandardWrapperValve.invoke Servlet.service() for servlet [NameGenderHandler] in context with path [] threw exception
	java.lang.IndexOutOfBoundsException: Index 40 out-of-bounds for length 0
		at java.base/jdk.internal.util.Preconditions.outOfBounds(Unknown Source)
		at java.base/jdk.internal.util.Preconditions.outOfBoundsCheckIndex(Unknown Source)
		at java.base/jdk.internal.util.Preconditions.checkIndex(Unknown Source)
		at java.base/java.util.Objects.checkIndex(Unknown Source)
		at java.base/java.util.ArrayList.get(Unknown Source)
		at SearchList.doGet(SearchList.java:168)
		at javax.servlet.http.HttpServlet.service(HttpServlet.java:634)
		at javax.servlet.http.HttpServlet.service(HttpServlet.java:741)
		at org.apache.catalina.core.ApplicationFilterChain.internalDoFilter(ApplicationFilterChain.java:231)
		at org.apache.catalina.core.ApplicationFilterChain.doFilter(ApplicationFilterChain.java:166)
		at org.apache.tomcat.websocket.server.WsFilter.doFilter(WsFilter.java:53)
		at org.apache.catalina.core.ApplicationFilterChain.internalDoFilter(ApplicationFilterChain.java:193)
		at org.apache.catalina.core.ApplicationFilterChain.doFilter(ApplicationFilterChain.java:166)
		at org.apache.catalina.core.StandardWrapperValve.invoke(StandardWrapperValve.java:202)
		at org.apache.catalina.core.StandardContextValve.invoke(StandardContextValve.java:96)
		at org.apache.catalina.authenticator.AuthenticatorBase.invoke(AuthenticatorBase.java:541)
		at org.apache.catalina.core.StandardHostValve.invoke(StandardHostValve.java:139)
		at org.apache.catalina.valves.ErrorReportValve.invoke(ErrorReportValve.java:92)
		at org.apache.catalina.valves.AbstractAccessLogValve.invoke(AbstractAccessLogValve.java:690)
		at org.apache.catalina.core.StandardEngineValve.invoke(StandardEngineValve.java:74)
		at org.apache.catalina.connector.CoyoteAdapter.service(CoyoteAdapter.java:343)
		at org.apache.coyote.http11.Http11Processor.service(Http11Processor.java:373)
		at org.apache.coyote.AbstractProcessorLight.process(AbstractProcessorLight.java:65)
		at org.apache.coyote.AbstractProtocol$ConnectionHandler.process(AbstractProtocol.java:868)
		at org.apache.tomcat.util.net.NioEndpoint$SocketProcessor.doRun(NioEndpoint.java:1590)
		at org.apache.tomcat.util.net.SocketProcessorBase.run(SocketProcessorBase.java:49)
		at java.base/java.util.concurrent.ThreadPoolExecutor.runWorker(Unknown Source)
		at java.base/java.util.concurrent.ThreadPoolExecutor$Worker.run(Unknown Source)
		at org.apache.tomcat.util.threads.TaskThread$WrappingRunnable.run(TaskThread.java:61)
		at java.base/java.lang.Thread.run(Unknown Source)
29-Jun-2020 10:45:00.436 INFO [main] org.apache.catalina.core.ApplicationContext.log ContextListener: contextInitialized()
29-Jun-2020 10:45:00.436 INFO [main] org.apache.catalina.core.ApplicationContext.log SessionListener: contextInitialized()
29-Jun-2020 10:45:00.436 INFO [main] org.apache.catalina.core.ApplicationContext.log ContextListener: attributeAdded('StockTicker', 'async.Stockticker@4f7be6c8')
29-Jun-2020 10:54:18.296 INFO [main] org.apache.catalina.core.ApplicationContext.log ContextListener: contextInitialized()
29-Jun-2020 10:54:18.296 INFO [main] org.apache.catalina.core.ApplicationContext.log SessionListener: contextInitialized()
29-Jun-2020 10:54:18.296 INFO [main] org.apache.catalina.core.ApplicationContext.log ContextListener: attributeAdded('StockTicker', 'async.Stockticker@4c07d1fc')
29-Jun-2020 10:54:53.635 SEVERE [http-nio-8080-exec-2] org.apache.catalina.core.StandardWrapperValve.invoke Servlet.service() for servlet [NameGenderHandler] in context with path [] threw exception
	java.lang.IndexOutOfBoundsException: Index -1 out-of-bounds for length 10
		at java.base/jdk.internal.util.Preconditions.outOfBounds(Unknown Source)
		at java.base/jdk.internal.util.Preconditions.outOfBoundsCheckIndex(Unknown Source)
		at java.base/jdk.internal.util.Preconditions.checkIndex(Unknown Source)
		at java.base/java.util.Objects.checkIndex(Unknown Source)
		at java.base/java.util.ArrayList.get(Unknown Source)
		at SearchList.doGet(SearchList.java:209)
		at javax.servlet.http.HttpServlet.service(HttpServlet.java:634)
		at javax.servlet.http.HttpServlet.service(HttpServlet.java:741)
		at org.apache.catalina.core.ApplicationFilterChain.internalDoFilter(ApplicationFilterChain.java:231)
		at org.apache.catalina.core.ApplicationFilterChain.doFilter(ApplicationFilterChain.java:166)
		at org.apache.tomcat.websocket.server.WsFilter.doFilter(WsFilter.java:53)
		at org.apache.catalina.core.ApplicationFilterChain.internalDoFilter(ApplicationFilterChain.java:193)
		at org.apache.catalina.core.ApplicationFilterChain.doFilter(ApplicationFilterChain.java:166)
		at org.apache.catalina.core.StandardWrapperValve.invoke(StandardWrapperValve.java:202)
		at org.apache.catalina.core.StandardContextValve.invoke(StandardContextValve.java:96)
		at org.apache.catalina.authenticator.AuthenticatorBase.invoke(AuthenticatorBase.java:541)
		at org.apache.catalina.core.StandardHostValve.invoke(StandardHostValve.java:139)
		at org.apache.catalina.valves.ErrorReportValve.invoke(ErrorReportValve.java:92)
		at org.apache.catalina.valves.AbstractAccessLogValve.invoke(AbstractAccessLogValve.java:690)
		at org.apache.catalina.core.StandardEngineValve.invoke(StandardEngineValve.java:74)
		at org.apache.catalina.connector.CoyoteAdapter.service(CoyoteAdapter.java:343)
		at org.apache.coyote.http11.Http11Processor.service(Http11Processor.java:373)
		at org.apache.coyote.AbstractProcessorLight.process(AbstractProcessorLight.java:65)
		at org.apache.coyote.AbstractProtocol$ConnectionHandler.process(AbstractProtocol.java:868)
		at org.apache.tomcat.util.net.NioEndpoint$SocketProcessor.doRun(NioEndpoint.java:1590)
		at org.apache.tomcat.util.net.SocketProcessorBase.run(SocketProcessorBase.java:49)
		at java.base/java.util.concurrent.ThreadPoolExecutor.runWorker(Unknown Source)
		at java.base/java.util.concurrent.ThreadPoolExecutor$Worker.run(Unknown Source)
		at org.apache.tomcat.util.threads.TaskThread$WrappingRunnable.run(TaskThread.java:61)
		at java.base/java.lang.Thread.run(Unknown Source)
29-Jun-2020 10:57:23.832 INFO [main] org.apache.catalina.core.ApplicationContext.log ContextListener: contextInitialized()
29-Jun-2020 10:57:23.832 INFO [main] org.apache.catalina.core.ApplicationContext.log SessionListener: contextInitialized()
29-Jun-2020 10:57:23.832 INFO [main] org.apache.catalina.core.ApplicationContext.log ContextListener: attributeAdded('StockTicker', 'async.Stockticker@4971f459')
29-Jun-2020 11:11:57.378 INFO [main] org.apache.catalina.core.ApplicationContext.log ContextListener: contextInitialized()
29-Jun-2020 11:11:57.378 INFO [main] org.apache.catalina.core.ApplicationContext.log SessionListener: contextInitialized()
29-Jun-2020 11:11:57.378 INFO [main] org.apache.catalina.core.ApplicationContext.log ContextListener: attributeAdded('StockTicker', 'async.Stockticker@7e5b621b')
29-Jun-2020 11:19:19.579 INFO [main] org.apache.catalina.core.ApplicationContext.log ContextListener: contextInitialized()
29-Jun-2020 11:19:19.579 INFO [main] org.apache.catalina.core.ApplicationContext.log SessionListener: contextInitialized()
29-Jun-2020 11:19:19.579 INFO [main] org.apache.catalina.core.ApplicationContext.log ContextListener: attributeAdded('StockTicker', 'async.Stockticker@52831a73')
29-Jun-2020 11:20:21.857 SEVERE [http-nio-8080-exec-1] org.apache.catalina.core.StandardWrapperValve.invoke Servlet.service() for servlet [NameGenderHandler] in context with path [] threw exception
	java.lang.IndexOutOfBoundsException: Index -1 out-of-bounds for length 10
		at java.base/jdk.internal.util.Preconditions.outOfBounds(Unknown Source)
		at java.base/jdk.internal.util.Preconditions.outOfBoundsCheckIndex(Unknown Source)
		at java.base/jdk.internal.util.Preconditions.checkIndex(Unknown Source)
		at java.base/java.util.Objects.checkIndex(Unknown Source)
		at java.base/java.util.ArrayList.get(Unknown Source)
		at SearchList.doGet(SearchList.java:210)
		at javax.servlet.http.HttpServlet.service(HttpServlet.java:634)
		at javax.servlet.http.HttpServlet.service(HttpServlet.java:741)
		at org.apache.catalina.core.ApplicationFilterChain.internalDoFilter(ApplicationFilterChain.java:231)
		at org.apache.catalina.core.ApplicationFilterChain.doFilter(ApplicationFilterChain.java:166)
		at org.apache.tomcat.websocket.server.WsFilter.doFilter(WsFilter.java:53)
		at org.apache.catalina.core.ApplicationFilterChain.internalDoFilter(ApplicationFilterChain.java:193)
		at org.apache.catalina.core.ApplicationFilterChain.doFilter(ApplicationFilterChain.java:166)
		at org.apache.catalina.core.StandardWrapperValve.invoke(StandardWrapperValve.java:202)
		at org.apache.catalina.core.StandardContextValve.invoke(StandardContextValve.java:96)
		at org.apache.catalina.authenticator.AuthenticatorBase.invoke(AuthenticatorBase.java:541)
		at org.apache.catalina.core.StandardHostValve.invoke(StandardHostValve.java:139)
		at org.apache.catalina.valves.ErrorReportValve.invoke(ErrorReportValve.java:92)
		at org.apache.catalina.valves.AbstractAccessLogValve.invoke(AbstractAccessLogValve.java:690)
		at org.apache.catalina.core.StandardEngineValve.invoke(StandardEngineValve.java:74)
		at org.apache.catalina.connector.CoyoteAdapter.service(CoyoteAdapter.java:343)
		at org.apache.coyote.http11.Http11Processor.service(Http11Processor.java:373)
		at org.apache.coyote.AbstractProcessorLight.process(AbstractProcessorLight.java:65)
		at org.apache.coyote.AbstractProtocol$ConnectionHandler.process(AbstractProtocol.java:868)
		at org.apache.tomcat.util.net.NioEndpoint$SocketProcessor.doRun(NioEndpoint.java:1590)
		at org.apache.tomcat.util.net.SocketProcessorBase.run(SocketProcessorBase.java:49)
		at java.base/java.util.concurrent.ThreadPoolExecutor.runWorker(Unknown Source)
		at java.base/java.util.concurrent.ThreadPoolExecutor$Worker.run(Unknown Source)
		at org.apache.tomcat.util.threads.TaskThread$WrappingRunnable.run(TaskThread.java:61)
		at java.base/java.lang.Thread.run(Unknown Source)
29-Jun-2020 11:21:12.311 INFO [main] org.apache.catalina.core.ApplicationContext.log ContextListener: contextInitialized()
29-Jun-2020 11:21:12.311 INFO [main] org.apache.catalina.core.ApplicationContext.log SessionListener: contextInitialized()
29-Jun-2020 11:21:12.311 INFO [main] org.apache.catalina.core.ApplicationContext.log ContextListener: attributeAdded('StockTicker', 'async.Stockticker@66ec4409')
29-Jun-2020 11:36:38.088 INFO [main] org.apache.catalina.core.ApplicationContext.log ContextListener: contextInitialized()
29-Jun-2020 11:36:38.089 INFO [main] org.apache.catalina.core.ApplicationContext.log SessionListener: contextInitialized()
29-Jun-2020 11:36:38.091 INFO [main] org.apache.catalina.core.ApplicationContext.log ContextListener: attributeAdded('StockTicker', 'async.Stockticker@4a89ef44')
29-Jun-2020 12:33:50.508 INFO [main] org.apache.catalina.core.ApplicationContext.log ContextListener: contextInitialized()
29-Jun-2020 12:33:50.508 INFO [main] org.apache.catalina.core.ApplicationContext.log SessionListener: contextInitialized()
29-Jun-2020 12:33:50.508 INFO [main] org.apache.catalina.core.ApplicationContext.log ContextListener: attributeAdded('StockTicker', 'async.Stockticker@2506e949')
29-Jun-2020 13:05:07.468 INFO [main] org.apache.catalina.core.ApplicationContext.log ContextListener: contextInitialized()
29-Jun-2020 13:05:07.468 INFO [main] org.apache.catalina.core.ApplicationContext.log SessionListener: contextInitialized()
29-Jun-2020 13:05:07.468 INFO [main] org.apache.catalina.core.ApplicationContext.log ContextListener: attributeAdded('StockTicker', 'async.Stockticker@1416ff46')
29-Jun-2020 13:11:46.729 INFO [main] org.apache.catalina.core.ApplicationContext.log ContextListener: contextInitialized()
29-Jun-2020 13:11:46.729 INFO [main] org.apache.catalina.core.ApplicationContext.log SessionListener: contextInitialized()
29-Jun-2020 13:11:46.744 INFO [main] org.apache.catalina.core.ApplicationContext.log ContextListener: attributeAdded('StockTicker', 'async.Stockticker@1416ff46')
29-Jun-2020 13:32:23.739 INFO [main] org.apache.catalina.core.ApplicationContext.log ContextListener: contextInitialized()
29-Jun-2020 13:32:23.740 INFO [main] org.apache.catalina.core.ApplicationContext.log SessionListener: contextInitialized()
29-Jun-2020 13:32:23.742 INFO [main] org.apache.catalina.core.ApplicationContext.log ContextListener: attributeAdded('StockTicker', 'async.Stockticker@2506e949')
29-Jun-2020 13:35:33.231 SEVERE [http-nio-8080-exec-8] org.apache.catalina.core.StandardWrapperValve.invoke Servlet.service() for servlet [NameGenderHandler] in context with path [] threw exception
	java.io.FileNotFoundException: C:\Users\hi\IdeaProjects\18_Sarah_Mohamed_Ahmed_Lotfy\SearchEngineProject\data\namesFromIndexer.txt (The system cannot find the file specified)
		at java.base/java.io.FileInputStream.open0(Native Method)
		at java.base/java.io.FileInputStream.open(Unknown Source)
		at java.base/java.io.FileInputStream.<init>(Unknown Source)
		at java.base/java.io.FileReader.<init>(Unknown Source)
		at SearchList.doGet(SearchList.java:125)
		at javax.servlet.http.HttpServlet.service(HttpServlet.java:634)
		at javax.servlet.http.HttpServlet.service(HttpServlet.java:741)
		at org.apache.catalina.core.ApplicationFilterChain.internalDoFilter(ApplicationFilterChain.java:231)
		at org.apache.catalina.core.ApplicationFilterChain.doFilter(ApplicationFilterChain.java:166)
		at org.apache.tomcat.websocket.server.WsFilter.doFilter(WsFilter.java:53)
		at org.apache.catalina.core.ApplicationFilterChain.internalDoFilter(ApplicationFilterChain.java:193)
		at org.apache.catalina.core.ApplicationFilterChain.doFilter(ApplicationFilterChain.java:166)
		at org.apache.catalina.core.StandardWrapperValve.invoke(StandardWrapperValve.java:202)
		at org.apache.catalina.core.StandardContextValve.invoke(StandardContextValve.java:96)
		at org.apache.catalina.authenticator.AuthenticatorBase.invoke(AuthenticatorBase.java:541)
		at org.apache.catalina.core.StandardHostValve.invoke(StandardHostValve.java:139)
		at org.apache.catalina.valves.ErrorReportValve.invoke(ErrorReportValve.java:92)
		at org.apache.catalina.valves.AbstractAccessLogValve.invoke(AbstractAccessLogValve.java:690)
		at org.apache.catalina.core.StandardEngineValve.invoke(StandardEngineValve.java:74)
		at org.apache.catalina.connector.CoyoteAdapter.service(CoyoteAdapter.java:343)
		at org.apache.coyote.http11.Http11Processor.service(Http11Processor.java:373)
		at org.apache.coyote.AbstractProcessorLight.process(AbstractProcessorLight.java:65)
		at org.apache.coyote.AbstractProtocol$ConnectionHandler.process(AbstractProtocol.java:868)
		at org.apache.tomcat.util.net.NioEndpoint$SocketProcessor.doRun(NioEndpoint.java:1590)
		at org.apache.tomcat.util.net.SocketProcessorBase.run(SocketProcessorBase.java:49)
		at java.base/java.util.concurrent.ThreadPoolExecutor.runWorker(Unknown Source)
		at java.base/java.util.concurrent.ThreadPoolExecutor$Worker.run(Unknown Source)
		at org.apache.tomcat.util.threads.TaskThread$WrappingRunnable.run(TaskThread.java:61)
		at java.base/java.lang.Thread.run(Unknown Source)
29-Jun-2020 13:37:03.626 INFO [main] org.apache.catalina.core.ApplicationContext.log ContextListener: contextInitialized()
29-Jun-2020 13:37:03.626 INFO [main] org.apache.catalina.core.ApplicationContext.log SessionListener: contextInitialized()
29-Jun-2020 13:37:03.626 INFO [main] org.apache.catalina.core.ApplicationContext.log ContextListener: attributeAdded('StockTicker', 'async.Stockticker@4c07d1fc')
29-Jun-2020 13:50:30.682 INFO [main] org.apache.catalina.core.ApplicationContext.log ContextListener: contextInitialized()
29-Jun-2020 13:50:30.682 INFO [main] org.apache.catalina.core.ApplicationContext.log SessionListener: contextInitialized()
29-Jun-2020 13:50:30.682 INFO [main] org.apache.catalina.core.ApplicationContext.log ContextListener: attributeAdded('StockTicker', 'async.Stockticker@2eada095')
29-Jun-2020 21:39:09.659 INFO [main] org.apache.catalina.core.ApplicationContext.log ContextListener: contextInitialized()
29-Jun-2020 21:39:09.659 INFO [main] org.apache.catalina.core.ApplicationContext.log SessionListener: contextInitialized()
29-Jun-2020 21:39:09.664 INFO [main] org.apache.catalina.core.ApplicationContext.log ContextListener: attributeAdded('StockTicker', 'async.Stockticker@549ac12c')
29-Jun-2020 21:54:25.058 INFO [main] org.apache.catalina.core.ApplicationContext.log ContextListener: contextInitialized()
29-Jun-2020 21:54:25.058 INFO [main] org.apache.catalina.core.ApplicationContext.log SessionListener: contextInitialized()
29-Jun-2020 21:54:25.063 INFO [main] org.apache.catalina.core.ApplicationContext.log ContextListener: attributeAdded('StockTicker', 'async.Stockticker@52831a73')
29-Jun-2020 22:12:30.558 INFO [main] org.apache.catalina.core.ApplicationContext.log ContextListener: contextInitialized()
29-Jun-2020 22:12:30.558 INFO [main] org.apache.catalina.core.ApplicationContext.log SessionListener: contextInitialized()
29-Jun-2020 22:12:30.561 INFO [main] org.apache.catalina.core.ApplicationContext.log ContextListener: attributeAdded('StockTicker', 'async.Stockticker@2eada095')
29-Jun-2020 22:15:01.103 INFO [main] org.apache.catalina.core.ApplicationContext.log ContextListener: contextInitialized()
29-Jun-2020 22:15:01.104 INFO [main] org.apache.catalina.core.ApplicationContext.log SessionListener: contextInitialized()
29-Jun-2020 22:15:01.106 INFO [main] org.apache.catalina.core.ApplicationContext.log ContextListener: attributeAdded('StockTicker', 'async.Stockticker@a0bf272')
29-Jun-2020 22:24:55.365 INFO [main] org.apache.catalina.core.ApplicationContext.log ContextListener: contextInitialized()
29-Jun-2020 22:24:55.365 INFO [main] org.apache.catalina.core.ApplicationContext.log SessionListener: contextInitialized()
29-Jun-2020 22:24:55.368 INFO [main] org.apache.catalina.core.ApplicationContext.log ContextListener: attributeAdded('StockTicker', 'async.Stockticker@2eada095')
29-Jun-2020 22:32:55.522 INFO [main] org.apache.catalina.core.ApplicationContext.log ContextListener: contextInitialized()
29-Jun-2020 22:32:55.522 INFO [main] org.apache.catalina.core.ApplicationContext.log SessionListener: contextInitialized()
29-Jun-2020 22:32:55.524 INFO [main] org.apache.catalina.core.ApplicationContext.log ContextListener: attributeAdded('StockTicker', 'async.Stockticker@a0bf272')
29-Jun-2020 22:39:14.460 INFO [main] org.apache.catalina.core.ApplicationContext.log ContextListener: contextInitialized()
29-Jun-2020 22:39:14.461 INFO [main] org.apache.catalina.core.ApplicationContext.log SessionListener: contextInitialized()
29-Jun-2020 22:39:14.463 INFO [main] org.apache.catalina.core.ApplicationContext.log ContextListener: attributeAdded('StockTicker', 'async.Stockticker@5a622fe8')
29-Jun-2020 22:39:51.408 SEVERE [http-nio-8080-exec-1] org.apache.catalina.core.StandardWrapperValve.invoke Servlet.service() for servlet [NameGenderHandler] in context with path [] threw exception
	java.lang.IndexOutOfBoundsException: Index 0 out-of-bounds for length 0
		at java.base/jdk.internal.util.Preconditions.outOfBounds(Unknown Source)
		at java.base/jdk.internal.util.Preconditions.outOfBoundsCheckIndex(Unknown Source)
		at java.base/jdk.internal.util.Preconditions.checkIndex(Unknown Source)
		at java.base/java.util.Objects.checkIndex(Unknown Source)
		at java.base/java.util.ArrayList.get(Unknown Source)
		at ranker.Ranker.rankIndices(Ranker.java:129)
		at SearchList.doGet(SearchList.java:205)
		at javax.servlet.http.HttpServlet.service(HttpServlet.java:634)
		at javax.servlet.http.HttpServlet.service(HttpServlet.java:741)
		at org.apache.catalina.core.ApplicationFilterChain.internalDoFilter(ApplicationFilterChain.java:231)
		at org.apache.catalina.core.ApplicationFilterChain.doFilter(ApplicationFilterChain.java:166)
		at org.apache.tomcat.websocket.server.WsFilter.doFilter(WsFilter.java:53)
		at org.apache.catalina.core.ApplicationFilterChain.internalDoFilter(ApplicationFilterChain.java:193)
		at org.apache.catalina.core.ApplicationFilterChain.doFilter(ApplicationFilterChain.java:166)
		at org.apache.catalina.core.StandardWrapperValve.invoke(StandardWrapperValve.java:202)
		at org.apache.catalina.core.StandardContextValve.invoke(StandardContextValve.java:96)
		at org.apache.catalina.authenticator.AuthenticatorBase.invoke(AuthenticatorBase.java:541)
		at org.apache.catalina.core.StandardHostValve.invoke(StandardHostValve.java:139)
		at org.apache.catalina.valves.ErrorReportValve.invoke(ErrorReportValve.java:92)
		at org.apache.catalina.valves.AbstractAccessLogValve.invoke(AbstractAccessLogValve.java:690)
		at org.apache.catalina.core.StandardEngineValve.invoke(StandardEngineValve.java:74)
		at org.apache.catalina.connector.CoyoteAdapter.service(CoyoteAdapter.java:343)
		at org.apache.coyote.http11.Http11Processor.service(Http11Processor.java:373)
		at org.apache.coyote.AbstractProcessorLight.process(AbstractProcessorLight.java:65)
		at org.apache.coyote.AbstractProtocol$ConnectionHandler.process(AbstractProtocol.java:868)
		at org.apache.tomcat.util.net.NioEndpoint$SocketProcessor.doRun(NioEndpoint.java:1590)
		at org.apache.tomcat.util.net.SocketProcessorBase.run(SocketProcessorBase.java:49)
		at java.base/java.util.concurrent.ThreadPoolExecutor.runWorker(Unknown Source)
		at java.base/java.util.concurrent.ThreadPoolExecutor$Worker.run(Unknown Source)
		at org.apache.tomcat.util.threads.TaskThread$WrappingRunnable.run(TaskThread.java:61)
		at java.base/java.lang.Thread.run(Unknown Source)
29-Jun-2020 22:42:10.130 INFO [main] org.apache.catalina.core.ApplicationContext.log ContextListener: contextInitialized()
29-Jun-2020 22:42:10.131 INFO [main] org.apache.catalina.core.ApplicationContext.log SessionListener: contextInitialized()
29-Jun-2020 22:42:10.134 INFO [main] org.apache.catalina.core.ApplicationContext.log ContextListener: attributeAdded('StockTicker', 'async.Stockticker@4c07d1fc')
29-Jun-2020 22:52:07.428 INFO [main] org.apache.catalina.core.ApplicationContext.log ContextListener: contextInitialized()
29-Jun-2020 22:52:07.428 INFO [main] org.apache.catalina.core.ApplicationContext.log SessionListener: contextInitialized()
29-Jun-2020 22:52:07.430 INFO [main] org.apache.catalina.core.ApplicationContext.log ContextListener: attributeAdded('StockTicker', 'async.Stockticker@e5c2463')
29-Jun-2020 22:55:10.703 INFO [main] org.apache.catalina.core.ApplicationContext.log ContextListener: contextInitialized()
29-Jun-2020 22:55:10.704 INFO [main] org.apache.catalina.core.ApplicationContext.log SessionListener: contextInitialized()
29-Jun-2020 22:55:10.706 INFO [main] org.apache.catalina.core.ApplicationContext.log ContextListener: attributeAdded('StockTicker', 'async.Stockticker@2eada095')
29-Jun-2020 23:03:55.993 INFO [main] org.apache.catalina.core.ApplicationContext.log ContextListener: contextInitialized()
29-Jun-2020 23:03:55.993 INFO [main] org.apache.catalina.core.ApplicationContext.log SessionListener: contextInitialized()
29-Jun-2020 23:03:55.996 INFO [main] org.apache.catalina.core.ApplicationContext.log ContextListener: attributeAdded('StockTicker', 'async.Stockticker@2506e949')
29-Jun-2020 23:30:33.100 INFO [main] org.apache.catalina.core.ApplicationContext.log ContextListener: contextInitialized()
29-Jun-2020 23:30:33.100 INFO [main] org.apache.catalina.core.ApplicationContext.log SessionListener: contextInitialized()
29-Jun-2020 23:30:33.103 INFO [main] org.apache.catalina.core.ApplicationContext.log ContextListener: attributeAdded('StockTicker', 'async.Stockticker@2506e949')
29-Jun-2020 23:31:06.236 SEVERE [http-nio-8080-exec-3] org.apache.catalina.core.StandardWrapperValve.invoke Servlet.service() for servlet [NameGenderHandler] in context with path [] threw exception
	java.lang.IndexOutOfBoundsException: Index 0 out-of-bounds for length 0
		at java.base/jdk.internal.util.Preconditions.outOfBounds(Unknown Source)
		at java.base/jdk.internal.util.Preconditions.outOfBoundsCheckIndex(Unknown Source)
		at java.base/jdk.internal.util.Preconditions.checkIndex(Unknown Source)
		at java.base/java.util.Objects.checkIndex(Unknown Source)
		at java.base/java.util.ArrayList.get(Unknown Source)
		at ranker.Ranker.rankIndices(Ranker.java:129)
		at SearchList.doGet(SearchList.java:204)
		at javax.servlet.http.HttpServlet.service(HttpServlet.java:634)
		at javax.servlet.http.HttpServlet.service(HttpServlet.java:741)
		at org.apache.catalina.core.ApplicationFilterChain.internalDoFilter(ApplicationFilterChain.java:231)
		at org.apache.catalina.core.ApplicationFilterChain.doFilter(ApplicationFilterChain.java:166)
		at org.apache.tomcat.websocket.server.WsFilter.doFilter(WsFilter.java:53)
		at org.apache.catalina.core.ApplicationFilterChain.internalDoFilter(ApplicationFilterChain.java:193)
		at org.apache.catalina.core.ApplicationFilterChain.doFilter(ApplicationFilterChain.java:166)
		at org.apache.catalina.core.StandardWrapperValve.invoke(StandardWrapperValve.java:202)
		at org.apache.catalina.core.StandardContextValve.invoke(StandardContextValve.java:96)
		at org.apache.catalina.authenticator.AuthenticatorBase.invoke(AuthenticatorBase.java:541)
		at org.apache.catalina.core.StandardHostValve.invoke(StandardHostValve.java:139)
		at org.apache.catalina.valves.ErrorReportValve.invoke(ErrorReportValve.java:92)
		at org.apache.catalina.valves.AbstractAccessLogValve.invoke(AbstractAccessLogValve.java:690)
		at org.apache.catalina.core.StandardEngineValve.invoke(StandardEngineValve.java:74)
		at org.apache.catalina.connector.CoyoteAdapter.service(CoyoteAdapter.java:343)
		at org.apache.coyote.http11.Http11Processor.service(Http11Processor.java:373)
		at org.apache.coyote.AbstractProcessorLight.process(AbstractProcessorLight.java:65)
		at org.apache.coyote.AbstractProtocol$ConnectionHandler.process(AbstractProtocol.java:868)
		at org.apache.tomcat.util.net.NioEndpoint$SocketProcessor.doRun(NioEndpoint.java:1590)
		at org.apache.tomcat.util.net.SocketProcessorBase.run(SocketProcessorBase.java:49)
		at java.base/java.util.concurrent.ThreadPoolExecutor.runWorker(Unknown Source)
		at java.base/java.util.concurrent.ThreadPoolExecutor$Worker.run(Unknown Source)
		at org.apache.tomcat.util.threads.TaskThread$WrappingRunnable.run(TaskThread.java:61)
		at java.base/java.lang.Thread.run(Unknown Source)
29-Jun-2020 23:36:47.880 INFO [main] org.apache.catalina.core.ApplicationContext.log ContextListener: contextInitialized()
29-Jun-2020 23:36:47.880 INFO [main] org.apache.catalina.core.ApplicationContext.log SessionListener: contextInitialized()
29-Jun-2020 23:36:47.882 INFO [main] org.apache.catalina.core.ApplicationContext.log ContextListener: attributeAdded('StockTicker', 'async.Stockticker@310a7859')
29-Jun-2020 23:43:07.144 INFO [main] org.apache.catalina.core.ApplicationContext.log ContextListener: contextInitialized()
29-Jun-2020 23:43:07.144 INFO [main] org.apache.catalina.core.ApplicationContext.log SessionListener: contextInitialized()
29-Jun-2020 23:43:07.146 INFO [main] org.apache.catalina.core.ApplicationContext.log ContextListener: attributeAdded('StockTicker', 'async.Stockticker@a0bf272')
29-Jun-2020 23:47:52.897 INFO [main] org.apache.catalina.core.ApplicationContext.log ContextListener: contextInitialized()
29-Jun-2020 23:47:52.898 INFO [main] org.apache.catalina.core.ApplicationContext.log SessionListener: contextInitialized()
29-Jun-2020 23:47:52.900 INFO [main] org.apache.catalina.core.ApplicationContext.log ContextListener: attributeAdded('StockTicker', 'async.Stockticker@4971f459')
29-Jun-2020 23:58:03.980 INFO [main] org.apache.catalina.core.ApplicationContext.log ContextListener: contextInitialized()
29-Jun-2020 23:58:03.980 INFO [main] org.apache.catalina.core.ApplicationContext.log SessionListener: contextInitialized()
29-Jun-2020 23:58:03.983 INFO [main] org.apache.catalina.core.ApplicationContext.log ContextListener: attributeAdded('StockTicker', 'async.Stockticker@52831a73')
